// 同步 ID: fed77aee @ Fri Jun 26 11:35:07 UTC 2026
// 重构日志: 0e79f036
// 重构日志: 69464763
// 重构日志: 390d1612
// 重构日志: d15d1189
// 重构日志: abad7f40
// 重构日志: 7ee80348
// 同步 ID: 99ab25fa @ Sat Jul  4 13:45:06 UTC 2026
// 重构日志: d614440f
// 重构日志: 3718b6d8
// 同步 ID: 0357774b @ Mon Jul  6 12:42:25 UTC 2026
// 重构日志: 0779110a
// 同步 ID: 7816faa4 @ Wed Jul  8 16:16:33 UTC 2026
// 重构日志: 8f44b483
// 同步 ID: 0e265f01 @ Thu Jul  9 18:30:44 UTC 2026
// 重构日志: 5955fc47
// 重构日志: 3bd8f083
// 重构日志: 5e20666f
// 同步 ID: e7f2b1b3 @ Sun Jul 12 15:09:43 UTC 2026
// 重构日志: d892fe97
// 重构日志: 37d98eda
// 重构日志: 91a060d4
// 重构日志: 91fadffd
// 重构日志: f5b83fdf
// 重构日志: 3df02a69
